2018-12-01 01:32:55,400 run_main.py--> go_no_run 20: INFO ----->第15个case-->: 测试通过
2018-12-01 01:32:55,401 run_main.py--> go_no_run 20: INFO ----->url--> http://mam.netease.com/api/v1/getconfig
2018-12-01 01:32:55,401 run_main.py--> go_no_run 20: INFO ----->request_data-->{'111111': 12}
2018-12-01 01:32:55,401 run_main.py--> go_no_run 20: INFO ----->response_data-->{"code": 200, "message": "请求成功", "timestamp": 1543599330995, "data": {"isconnect": true, "errorStackSamplingRate": 0}}
2018-12-01 01:35:03,268 run_main.py--> go_no_run 20: INFO ----->第15个case-->: 测试通过
2018-12-01 01:35:03,269 run_main.py--> go_no_run 20: INFO ----->url--> http://mam.netease.com/api/v1/getconfig
2018-12-01 01:35:03,269 run_main.py--> go_no_run 20: INFO ----->request_data-->{'111111': 12}
2018-12-01 01:35:03,269 run_main.py--> go_no_run 20: INFO ----->response_data-->{"code": 200, "message": "请求成功", "timestamp": 1543599458863, "data": {"isconnect": true, "errorStackSamplingRate": 0}}
2018-12-01 01:35:23,378 run_main.py--> go_no_run 20: INFO ----->第15个case-->: 测试通过
2018-12-01 01:35:23,378 run_main.py--> go_no_run 20: INFO ----->url--> http://mam.netease.com/api/v1/getconfig
2018-12-01 01:35:23,379 run_main.py--> go_no_run 20: INFO ----->request_data-->{'111111': 12}
2018-12-01 01:35:23,379 run_main.py--> go_no_run 20: INFO ----->response_data-->{"code": 200, "message": "请求成功", "timestamp": 1543599478977, "data": {"isconnect": true, "errorStackSamplingRate": 0}}
2018-12-01 01:38:36,810 run_main.py--> go_no_run 20: INFO ----->第15个case-->: 测试通过
2018-12-01 01:38:36,810 run_main.py--> go_no_run 20: INFO ----->url--> http://mam.netease.com/api/v1/getconfig
2018-12-01 01:38:36,811 run_main.py--> go_no_run 20: INFO ----->request_data-->{'111111': 12}
2018-12-01 01:38:36,811 run_main.py--> go_no_run 20: INFO ----->response_data-->{"code": 200, "message": "请求成功", "timestamp": 1543599672413, "data": {"isconnect": true, "errorStackSamplingRate": 0}}
2018-12-01 01:39:31,838 run_main.py--> go_no_run 20: INFO ----->第15个case-->: 测试通过
2018-12-01 01:39:31,839 run_main.py--> go_no_run 20: INFO ----->url--> http://mam.netease.com/api/v1/getconfig
2018-12-01 01:39:31,839 run_main.py--> go_no_run 20: INFO ----->request_data-->{'111111': 12}
2018-12-01 01:39:31,839 run_main.py--> go_no_run 20: INFO ----->response_data-->{"code": 200, "message": "请求成功", "timestamp": 1543599727438, "data": {"isconnect": true, "errorStackSamplingRate": 0}}
2018-12-01 01:42:29,417 run_main.py--> go_no_run 20: INFO ----->第15个case-->: 测试通过
2018-12-01 01:42:29,418 run_main.py--> go_no_run 20: INFO ----->url--> http://mam.netease.com/api/v1/getconfig
2018-12-01 01:42:29,418 run_main.py--> go_no_run 20: INFO ----->request_data-->{'111111': 12}
2018-12-01 01:42:29,418 run_main.py--> go_no_run 20: INFO ----->response_data-->{"code": 200, "message": "请求成功", "timestamp": 1543599905006, "data": {"isconnect": true, "errorStackSamplingRate": 0}}
2018-12-01 01:42:57,891 run_main.py--> go_no_run 20: INFO ----->第15个case-->: 测试通过
2018-12-01 01:42:57,892 run_main.py--> go_no_run 20: INFO ----->url--> http://mam.netease.com/api/v1/getconfig
2018-12-01 01:42:57,892 run_main.py--> go_no_run 20: INFO ----->request_data-->{'111111': 12}
2018-12-01 01:42:57,892 run_main.py--> go_no_run 20: INFO ----->response_data-->{"code": 200, "message": "请求成功", "timestamp": 1543599933478, "data": {"isconnect": true, "errorStackSamplingRate": 0}}
2018-12-01 01:43:48,908 run_main.py--> go_no_run 20: INFO ----->第15个case-->: 测试通过
2018-12-01 01:43:48,908 run_main.py--> go_no_run 20: INFO ----->url--> http://mam.netease.com/api/v1/getconfig
2018-12-01 01:43:48,909 run_main.py--> go_no_run 20: INFO ----->request_data-->{'111111': 12}
2018-12-01 01:43:48,909 run_main.py--> go_no_run 20: INFO ----->response_data-->{"code": 200, "message": "请求成功", "timestamp": 1543599984504, "data": {"isconnect": true, "errorStackSamplingRate": 0}}
2018-12-01 01:45:29,012 run_main.py--> go_no_run 20: INFO ----->第15个case-->: 测试通过
2018-12-01 01:45:29,012 run_main.py--> go_no_run 20: INFO ----->url--> http://mam.netease.com/api/v1/getconfig
2018-12-01 01:45:29,012 run_main.py--> go_no_run 20: INFO ----->request_data-->{'111111': 12}
2018-12-01 01:45:29,012 run_main.py--> go_no_run 20: INFO ----->response_data-->{"code": 200, "message": "请求成功", "timestamp": 1543600084599, "data": {"isconnect": true, "errorStackSamplingRate": 0}}
2018-12-01 01:45:51,556 run_main.py--> go_no_run 20: INFO ----->第15个case-->: 测试通过
2018-12-01 01:45:51,556 run_main.py--> go_no_run 20: INFO ----->url--> http://mam.netease.com/api/v1/getconfig
2018-12-01 01:45:51,556 run_main.py--> go_no_run 20: INFO ----->request_data-->{'111111': 12}
2018-12-01 01:45:51,556 run_main.py--> go_no_run 20: INFO ----->response_data-->{"code": 200, "message": "请求成功", "timestamp": 1543600107148, "data": {"isconnect": true, "errorStackSamplingRate": 0}}
2018-12-01 01:46:31,205 run_main.py--> go_no_run 20: INFO ----->第15个case-->: 测试通过
2018-12-01 01:46:31,206 run_main.py--> go_no_run 20: INFO ----->url--> http://mam.netease.com/api/v1/getconfig
2018-12-01 01:46:31,206 run_main.py--> go_no_run 20: INFO ----->request_data-->{'111111': 12}
2018-12-01 01:46:31,206 run_main.py--> go_no_run 20: INFO ----->response_data-->{"code": 200, "message": "请求成功", "timestamp": 1543600146803, "data": {"isconnect": true, "errorStackSamplingRate": 0}}
2018-12-01 01:47:01,077 run_main.py--> go_no_run 20: INFO ----->第15个case-->: 测试通过
2018-12-01 01:47:01,077 run_main.py--> go_no_run 20: INFO ----->url--> http://mam.netease.com/api/v1/getconfig
2018-12-01 01:47:01,077 run_main.py--> go_no_run 20: INFO ----->request_data-->{'111111': 12}
2018-12-01 01:47:01,078 run_main.py--> go_no_run 20: INFO ----->response_data-->{"code": 200, "message": "请求成功", "timestamp": 1543600176668, "data": {"isconnect": true, "errorStackSamplingRate": 0}}
2018-12-01 01:48:55,753 run_main.py--> go_no_run 20: INFO ----->第15个case-->: 测试通过
2018-12-01 01:48:55,753 run_main.py--> go_no_run 20: INFO ----->url--> http://mam.netease.com/api/v1/getconfig
2018-12-01 01:48:55,754 run_main.py--> go_no_run 20: INFO ----->request_data-->{'111111': 12}
2018-12-01 01:48:55,754 run_main.py--> go_no_run 20: INFO ----->response_data-->{"code": 200, "message": "请求成功", "timestamp": 1543600291352, "data": {"isconnect": true, "errorStackSamplingRate": 0}}
2018-12-01 01:49:58,429 run_main.py--> go_no_run 20: INFO ----->第15个case-->: 测试通过
2018-12-01 01:49:58,430 run_main.py--> go_no_run 20: INFO ----->url--> http://mam.netease.com/api/v1/getconfig
2018-12-01 01:49:58,430 run_main.py--> go_no_run 20: INFO ----->request_data-->{'111111': 12}
2018-12-01 01:49:58,430 run_main.py--> go_no_run 20: INFO ----->response_data-->{"code": 200, "message": "请求成功", "timestamp": 1543600354025, "data": {"isconnect": true, "errorStackSamplingRate": 0}}
2018-12-01 14:44:57,022 run_main.py--> go_no_run 20: INFO ----->第15个case-->: 测试通过
2018-12-01 14:44:57,022 run_main.py--> go_no_run 20: INFO ----->url--> http://mam.netease.com/api/v1/getconfig
2018-12-01 14:44:57,022 run_main.py--> go_no_run 20: INFO ----->request_data-->{'111111': 12}
2018-12-01 14:44:57,022 run_main.py--> go_no_run 20: INFO ----->response_data-->{"code": 200, "message": "请求成功", "timestamp": 1543646852892, "data": {"isconnect": true, "errorStackSamplingRate": 0}}
2018-12-01 14:59:43,413 run_main.py--> go_no_run 20: INFO ----->第15个case-->: 测试通过
2018-12-01 14:59:43,413 run_main.py--> go_no_run 20: INFO ----->url--> http://mam.netease.com/api/v1/getconfig
2018-12-01 14:59:43,414 run_main.py--> go_no_run 20: INFO ----->request_data-->None
2018-12-01 14:59:43,414 run_main.py--> go_no_run 20: INFO ----->response_data-->{"code": 200, "message": "请求成功", "timestamp": 1543647739277, "data": {"isconnect": true, "errorStackSamplingRate": 0}}
2018-12-01 15:00:45,434 run_main.py--> go_no_run 20: INFO ----->第1个case-->: 测试通过
2018-12-01 15:00:45,435 run_main.py--> go_no_run 20: INFO ----->url--> http://mam.netease.com/api/v1/getconfig
2018-12-01 15:00:45,435 run_main.py--> go_no_run 20: INFO ----->request_data-->None
2018-12-01 15:00:45,435 run_main.py--> go_no_run 20: INFO ----->response_data-->{"code": 200, "message": "请求成功", "timestamp": 1543647801295, "data": {"isconnect": true, "errorStackSamplingRate": 0}}
2018-12-01 15:00:45,624 run_main.py--> go_no_run 20: INFO ----->第3个case-->: 测试通过
2018-12-01 15:00:45,625 run_main.py--> go_no_run 20: INFO ----->url--> http://testscm.csjmro.com/yyjapi/api/store/getdata
2018-12-01 15:00:45,625 run_main.py--> go_no_run 20: INFO ----->request_data-->None
2018-12-01 15:00:45,625 run_main.py--> go_no_run 20: INFO ----->response_data-->{"code": "200", "data": [{"id": "4028813255d845610155dd6ef2a70097", "requestid": "4028813255d845610155dd6ef1fc0095", "nodeid": null, "rowindex": null, "storename": "川山甲唐山区域库-test", "address": "唐山市路南区国际五金城东川山甲仓库", "tel": "1864768 1520", "storeno": "0002", "belongto": null, "bussinesscorp": null, "manager": null, "belongtype": null, "memo": null, "objlevel": "4028813255425d28015543b5d3a40427", "objtype": "4028813255425d28015543b7e0be042b", "deviceno": null, "linkman": null, "iswmsintegrate": null, "dc": "4028813260fca5590160fdfad37f008f"}, {"id": "402881325741bf120157d17e09b82b8f", "requestid": "402881325741bf120157d17e096a2b8d", "nodeid": null, "rowindex": null, "storename": "嘉兴MRO仓", "address": "嘉兴市秀洲区吉蚂西路183号（川山甲嘉兴一级库）", "tel": "15888804320", "storeno": "D0004", "belongto": "4028813258ffe1cf01590071ebc5003d", "bussinesscorp": null, "manager": null, "belongtype": "402881315c2d8a1a015c2f88eb600932", "memo": null, "objlevel": "4028813255425d28015543b5d3a40426", "objtype": "4028813255425d28015543b7e0be042b", "deviceno": null, "linkman": "11", "iswmsintegrate": "1", "dc": "40288132612083dc01612208881d0185"}, {"id": "4028813258ffe1cf0159007563920049", "requestid": "4028813258ffe1cf0159007563240047", "nodeid": null, "rowindex": null, "storename": "深圳中心库-虚拟", "address": "宝安体育馆", "tel": "18767159265", "storeno": "sz0001", "belongto": null, "bussinesscorp": null, "manager": null, "belongtype": "402881315c2d8a1a015c2f88eb600934", "memo": null, "objlevel": "4028813255425d28015543b5d3a40427", "objtype": "4028813255425d28015543b7e0be042b", "deviceno": null, "linkman": "何先生", "iswmsintegrate": null, "dc": null}, {"id": "402881325741bf120157d17da77c2b8c", "requestid": "402881325741bf120157d17da72e2b8a", "nodeid": null, "rowindex": null, "storename": "嘉兴周转仓", "address": "嘉兴市秀洲区吉蚂西路183号（川山甲嘉兴一级库）", "tel": "15888804320", "storeno": "D0003", "belongto": null, "bussinesscorp": null, "manager": null, "belongtype": null, "memo": null, "objlevel": "4028813255425d28015543b5d3a40426", "objtype": "4028813255425d28015543b7e0be042b", "deviceno": null, "linkman": null, "iswmsintegrate": null, "dc": "40288132612083dc01612208881d0185"}, {"id": "402881325741bf120157d17fc1912b92", "requestid": "402881325741bf120157d17fc1432b90", "nodeid": null, "rowindex": null, "storename": "唐山工厂库-test", "address": "天茂钢厂共享仓库", "tel": "18647681520", "storeno": "D0010", "belongto": null, "bussinesscorp": null, "manager": null, "belongtype": null, "memo": null, "objlevel": "4028813255425d28015543b5d3a40427", "objtype": "4028813255425d28015543b7e0be042b", "deviceno": null, "linkman": null, "iswmsintegrate": null, "dc": "4028813260fca5590160fdfb1d2c0092"}], "message": "调用API成功"}
2018-12-01 15:00:55,877 run_main.py--> go_no_run 20: INFO ----->第15个case-->: 测试通过
2018-12-01 15:00:55,878 run_main.py--> go_no_run 20: INFO ----->url--> http://mam.netease.com/api/v1/getconfig
2018-12-01 15:00:55,878 run_main.py--> go_no_run 20: INFO ----->request_data-->None
2018-12-01 15:00:55,878 run_main.py--> go_no_run 20: INFO ----->response_data-->{"code": 200, "message": "请求成功", "timestamp": 1543647811745, "data": {"isconnect": true, "errorStackSamplingRate": 0}}
2018-12-01 15:10:29,739 run_main.py--> go_no_run 20: INFO ----->第1个case-->: 测试通过
2018-12-01 15:10:29,739 run_main.py--> go_no_run 20: INFO ----->url--> http://mam.netease.com/api/v1/getconfig
2018-12-01 15:10:29,740 run_main.py--> go_no_run 20: INFO ----->request_data-->None
2018-12-01 15:10:29,740 run_main.py--> go_no_run 20: INFO ----->response_data-->{"code": 200, "message": "请求成功", "timestamp": 1543648385611, "data": {"isconnect": true, "errorStackSamplingRate": 0}}
2018-12-01 15:10:29,845 run_main.py--> go_no_run 20: INFO ----->第3个case-->: 测试通过
2018-12-01 15:10:29,845 run_main.py--> go_no_run 20: INFO ----->url--> http://testscm.csjmro.com/yyjapi/api/store/getdata
2018-12-01 15:10:29,845 run_main.py--> go_no_run 20: INFO ----->request_data-->None
2018-12-01 15:10:29,845 run_main.py--> go_no_run 20: INFO ----->response_data-->{"code": "200", "data": [{"id": "4028813255d845610155dd6ef2a70097", "requestid": "4028813255d845610155dd6ef1fc0095", "nodeid": null, "rowindex": null, "storename": "川山甲唐山区域库-test", "address": "唐山市路南区国际五金城东川山甲仓库", "tel": "1864768 1520", "storeno": "0002", "belongto": null, "bussinesscorp": null, "manager": null, "belongtype": null, "memo": null, "objlevel": "4028813255425d28015543b5d3a40427", "objtype": "4028813255425d28015543b7e0be042b", "deviceno": null, "linkman": null, "iswmsintegrate": null, "dc": "4028813260fca5590160fdfad37f008f"}, {"id": "402881325741bf120157d17e09b82b8f", "requestid": "402881325741bf120157d17e096a2b8d", "nodeid": null, "rowindex": null, "storename": "嘉兴MRO仓", "address": "嘉兴市秀洲区吉蚂西路183号（川山甲嘉兴一级库）", "tel": "15888804320", "storeno": "D0004", "belongto": "4028813258ffe1cf01590071ebc5003d", "bussinesscorp": null, "manager": null, "belongtype": "402881315c2d8a1a015c2f88eb600932", "memo": null, "objlevel": "4028813255425d28015543b5d3a40426", "objtype": "4028813255425d28015543b7e0be042b", "deviceno": null, "linkman": "11", "iswmsintegrate": "1", "dc": "40288132612083dc01612208881d0185"}, {"id": "4028813258ffe1cf0159007563920049", "requestid": "4028813258ffe1cf0159007563240047", "nodeid": null, "rowindex": null, "storename": "深圳中心库-虚拟", "address": "宝安体育馆", "tel": "18767159265", "storeno": "sz0001", "belongto": null, "bussinesscorp": null, "manager": null, "belongtype": "402881315c2d8a1a015c2f88eb600934", "memo": null, "objlevel": "4028813255425d28015543b5d3a40427", "objtype": "4028813255425d28015543b7e0be042b", "deviceno": null, "linkman": "何先生", "iswmsintegrate": null, "dc": null}, {"id": "402881325741bf120157d17da77c2b8c", "requestid": "402881325741bf120157d17da72e2b8a", "nodeid": null, "rowindex": null, "storename": "嘉兴周转仓", "address": "嘉兴市秀洲区吉蚂西路183号（川山甲嘉兴一级库）", "tel": "15888804320", "storeno": "D0003", "belongto": null, "bussinesscorp": null, "manager": null, "belongtype": null, "memo": null, "objlevel": "4028813255425d28015543b5d3a40426", "objtype": "4028813255425d28015543b7e0be042b", "deviceno": null, "linkman": null, "iswmsintegrate": null, "dc": "40288132612083dc01612208881d0185"}, {"id": "402881325741bf120157d17fc1912b92", "requestid": "402881325741bf120157d17fc1432b90", "nodeid": null, "rowindex": null, "storename": "唐山工厂库-test", "address": "天茂钢厂共享仓库", "tel": "18647681520", "storeno": "D0010", "belongto": null, "bussinesscorp": null, "manager": null, "belongtype": null, "memo": null, "objlevel": "4028813255425d28015543b5d3a40427", "objtype": "4028813255425d28015543b7e0be042b", "deviceno": null, "linkman": null, "iswmsintegrate": null, "dc": "4028813260fca5590160fdfb1d2c0092"}], "message": "调用API成功"}
2018-12-01 15:11:06,031 run_main.py--> go_no_run 20: INFO ----->第15个case-->: 测试通过
2018-12-01 15:11:06,031 run_main.py--> go_no_run 20: INFO ----->url--> http://mam.netease.com/api/v1/getconfig
2018-12-01 15:11:06,031 run_main.py--> go_no_run 20: INFO ----->request_data-->None
2018-12-01 15:11:06,031 run_main.py--> go_no_run 20: INFO ----->response_data-->{"code": 200, "message": "请求成功", "timestamp": 1543648421891, "data": {"isconnect": true, "errorStackSamplingRate": 0}}
2018-12-01 15:12:53,490 run_main.py--> go_no_run 20: INFO ----->第1个case-->: 测试通过
2018-12-01 15:12:53,491 run_main.py--> go_no_run 20: INFO ----->url--> http://mam.netease.com/api/v1/getconfig
2018-12-01 15:12:53,491 run_main.py--> go_no_run 20: INFO ----->request_data-->None
2018-12-01 15:12:53,491 run_main.py--> go_no_run 20: INFO ----->response_data-->{
  "code": 200,
  "data": {
    "errorStackSamplingRate": 0,
    "isconnect": true
  },
  "message": "请求成功",
  "timestamp": 1543648529349
}
2018-12-01 15:12:53,621 run_main.py--> go_no_run 20: INFO ----->第3个case-->: 测试通过
2018-12-01 15:12:53,622 run_main.py--> go_no_run 20: INFO ----->url--> http://testscm.csjmro.com/yyjapi/api/store/getdata
2018-12-01 15:12:53,622 run_main.py--> go_no_run 20: INFO ----->request_data-->None
2018-12-01 15:12:53,622 run_main.py--> go_no_run 20: INFO ----->response_data-->{
  "code": "200",
  "data": [
    {
      "address": "唐山市路南区国际五金城东川山甲仓库",
      "belongto": null,
      "belongtype": null,
      "bussinesscorp": null,
      "dc": "4028813260fca5590160fdfad37f008f",
      "deviceno": null,
      "id": "4028813255d845610155dd6ef2a70097",
      "iswmsintegrate": null,
      "linkman": null,
      "manager": null,
      "memo": null,
      "nodeid": null,
      "objlevel": "4028813255425d28015543b5d3a40427",
      "objtype": "4028813255425d28015543b7e0be042b",
      "requestid": "4028813255d845610155dd6ef1fc0095",
      "rowindex": null,
      "storename": "川山甲唐山区域库-test",
      "storeno": "0002",
      "tel": "1864768 1520"
    },
    {
      "address": "嘉兴市秀洲区吉蚂西路183号（川山甲嘉兴一级库）",
      "belongto": "4028813258ffe1cf01590071ebc5003d",
      "belongtype": "402881315c2d8a1a015c2f88eb600932",
      "bussinesscorp": null,
      "dc": "40288132612083dc01612208881d0185",
      "deviceno": null,
      "id": "402881325741bf120157d17e09b82b8f",
      "iswmsintegrate": "1",
      "linkman": "11",
      "manager": null,
      "memo": null,
      "nodeid": null,
      "objlevel": "4028813255425d28015543b5d3a40426",
      "objtype": "4028813255425d28015543b7e0be042b",
      "requestid": "402881325741bf120157d17e096a2b8d",
      "rowindex": null,
      "storename": "嘉兴MRO仓",
      "storeno": "D0004",
      "tel": "15888804320"
    },
    {
      "address": "宝安体育馆",
      "belongto": null,
      "belongtype": "402881315c2d8a1a015c2f88eb600934",
      "bussinesscorp": null,
      "dc": null,
      "deviceno": null,
      "id": "4028813258ffe1cf0159007563920049",
      "iswmsintegrate": null,
      "linkman": "何先生",
      "manager": null,
      "memo": null,
      "nodeid": null,
      "objlevel": "4028813255425d28015543b5d3a40427",
      "objtype": "4028813255425d28015543b7e0be042b",
      "requestid": "4028813258ffe1cf0159007563240047",
      "rowindex": null,
      "storename": "深圳中心库-虚拟",
      "storeno": "sz0001",
      "tel": "18767159265"
    },
    {
      "address": "嘉兴市秀洲区吉蚂西路183号（川山甲嘉兴一级库）",
      "belongto": null,
      "belongtype": null,
      "bussinesscorp": null,
      "dc": "40288132612083dc01612208881d0185",
      "deviceno": null,
      "id": "402881325741bf120157d17da77c2b8c",
      "iswmsintegrate": null,
      "linkman": null,
      "manager": null,
      "memo": null,
      "nodeid": null,
      "objlevel": "4028813255425d28015543b5d3a40426",
      "objtype": "4028813255425d28015543b7e0be042b",
      "requestid": "402881325741bf120157d17da72e2b8a",
      "rowindex": null,
      "storename": "嘉兴周转仓",
      "storeno": "D0003",
      "tel": "15888804320"
    },
    {
      "address": "天茂钢厂共享仓库",
      "belongto": null,
      "belongtype": null,
      "bussinesscorp": null,
      "dc": "4028813260fca5590160fdfb1d2c0092",
      "deviceno": null,
      "id": "402881325741bf120157d17fc1912b92",
      "iswmsintegrate": null,
      "linkman": null,
      "manager": null,
      "memo": null,
      "nodeid": null,
      "objlevel": "4028813255425d28015543b5d3a40427",
      "objtype": "4028813255425d28015543b7e0be042b",
      "requestid": "402881325741bf120157d17fc1432b90",
      "rowindex": null,
      "storename": "唐山工厂库-test",
      "storeno": "D0010",
      "tel": "18647681520"
    }
  ],
  "message": "调用API成功"
}
2018-12-01 15:13:04,355 run_main.py--> go_no_run 20: INFO ----->第15个case-->: 测试通过
2018-12-01 15:13:04,355 run_main.py--> go_no_run 20: INFO ----->url--> http://mam.netease.com/api/v1/getconfig
2018-12-01 15:13:04,355 run_main.py--> go_no_run 20: INFO ----->request_data-->None
2018-12-01 15:13:04,355 run_main.py--> go_no_run 20: INFO ----->response_data-->{
  "code": 200,
  "data": {
    "errorStackSamplingRate": 0,
    "isconnect": true
  },
  "message": "请求成功",
  "timestamp": 1543648540220
}
2018-12-01 15:15:09,181 run_main.py--> go_no_run 20: INFO ----->第1个case-->哈哈哈1: 测试通过
2018-12-01 15:15:09,181 run_main.py--> go_no_run 20: INFO ----->url--> http://mam.netease.com/api/v1/getconfig
2018-12-01 15:15:09,181 run_main.py--> go_no_run 20: INFO ----->request_data-->None
2018-12-01 15:15:09,181 run_main.py--> go_no_run 20: INFO ----->response_data-->{
  "code": 200,
  "data": {
    "errorStackSamplingRate": 0,
    "isconnect": true
  },
  "message": "请求成功",
  "timestamp": 1543648665040
}
2018-12-01 15:15:09,271 run_main.py--> go_no_run 20: INFO ----->第3个case-->哈哈哈3: 测试通过
2018-12-01 15:15:09,271 run_main.py--> go_no_run 20: INFO ----->url--> http://testscm.csjmro.com/yyjapi/api/store/getdata
2018-12-01 15:15:09,271 run_main.py--> go_no_run 20: INFO ----->request_data-->None
2018-12-01 15:15:09,271 run_main.py--> go_no_run 20: INFO ----->response_data-->{
  "code": "200",
  "data": [
    {
      "address": "唐山市路南区国际五金城东川山甲仓库",
      "belongto": null,
      "belongtype": null,
      "bussinesscorp": null,
      "dc": "4028813260fca5590160fdfad37f008f",
      "deviceno": null,
      "id": "4028813255d845610155dd6ef2a70097",
      "iswmsintegrate": null,
      "linkman": null,
      "manager": null,
      "memo": null,
      "nodeid": null,
      "objlevel": "4028813255425d28015543b5d3a40427",
      "objtype": "4028813255425d28015543b7e0be042b",
      "requestid": "4028813255d845610155dd6ef1fc0095",
      "rowindex": null,
      "storename": "川山甲唐山区域库-test",
      "storeno": "0002",
      "tel": "1864768 1520"
    },
    {
      "address": "嘉兴市秀洲区吉蚂西路183号（川山甲嘉兴一级库）",
      "belongto": "4028813258ffe1cf01590071ebc5003d",
      "belongtype": "402881315c2d8a1a015c2f88eb600932",
      "bussinesscorp": null,
      "dc": "40288132612083dc01612208881d0185",
      "deviceno": null,
      "id": "402881325741bf120157d17e09b82b8f",
      "iswmsintegrate": "1",
      "linkman": "11",
      "manager": null,
      "memo": null,
      "nodeid": null,
      "objlevel": "4028813255425d28015543b5d3a40426",
      "objtype": "4028813255425d28015543b7e0be042b",
      "requestid": "402881325741bf120157d17e096a2b8d",
      "rowindex": null,
      "storename": "嘉兴MRO仓",
      "storeno": "D0004",
      "tel": "15888804320"
    },
    {
      "address": "宝安体育馆",
      "belongto": null,
      "belongtype": "402881315c2d8a1a015c2f88eb600934",
      "bussinesscorp": null,
      "dc": null,
      "deviceno": null,
      "id": "4028813258ffe1cf0159007563920049",
      "iswmsintegrate": null,
      "linkman": "何先生",
      "manager": null,
      "memo": null,
      "nodeid": null,
      "objlevel": "4028813255425d28015543b5d3a40427",
      "objtype": "4028813255425d28015543b7e0be042b",
      "requestid": "4028813258ffe1cf0159007563240047",
      "rowindex": null,
      "storename": "深圳中心库-虚拟",
      "storeno": "sz0001",
      "tel": "18767159265"
    },
    {
      "address": "嘉兴市秀洲区吉蚂西路183号（川山甲嘉兴一级库）",
      "belongto": null,
      "belongtype": null,
      "bussinesscorp": null,
      "dc": "40288132612083dc01612208881d0185",
      "deviceno": null,
      "id": "402881325741bf120157d17da77c2b8c",
      "iswmsintegrate": null,
      "linkman": null,
      "manager": null,
      "memo": null,
      "nodeid": null,
      "objlevel": "4028813255425d28015543b5d3a40426",
      "objtype": "4028813255425d28015543b7e0be042b",
      "requestid": "402881325741bf120157d17da72e2b8a",
      "rowindex": null,
      "storename": "嘉兴周转仓",
      "storeno": "D0003",
      "tel": "15888804320"
    },
    {
      "address": "天茂钢厂共享仓库",
      "belongto": null,
      "belongtype": null,
      "bussinesscorp": null,
      "dc": "4028813260fca5590160fdfb1d2c0092",
      "deviceno": null,
      "id": "402881325741bf120157d17fc1912b92",
      "iswmsintegrate": null,
      "linkman": null,
      "manager": null,
      "memo": null,
      "nodeid": null,
      "objlevel": "4028813255425d28015543b5d3a40427",
      "objtype": "4028813255425d28015543b7e0be042b",
      "requestid": "402881325741bf120157d17fc1432b90",
      "rowindex": null,
      "storename": "唐山工厂库-test",
      "storeno": "D0010",
      "tel": "18647681520"
    }
  ],
  "message": "调用API成功"
}
2018-12-01 15:15:29,001 run_main.py--> go_no_run 20: INFO ----->第15个case-->呵呵呵15: 测试通过
2018-12-01 15:15:29,002 run_main.py--> go_no_run 20: INFO ----->url--> http://mam.netease.com/api/v1/getconfig
2018-12-01 15:15:29,002 run_main.py--> go_no_run 20: INFO ----->request_data-->None
2018-12-01 15:15:29,002 run_main.py--> go_no_run 20: INFO ----->response_data-->{
  "code": 200,
  "data": {
    "errorStackSamplingRate": 0,
    "isconnect": true
  },
  "message": "请求成功",
  "timestamp": 1543648684868
}
