2018-12-08 14:50:22,761 scm-run_main.py--> go_no_run 20: INFO ----->第9个case-->金城登录: 测试通过
2018-12-08 14:50:22,762 scm-run_main.py--> go_no_run 20: INFO ----->url--> http://capijcy.jcease.com/jcy-api/app/system/passwordLogin
2018-12-08 14:50:22,762 scm-run_main.py--> go_no_run 20: INFO ----->request_data-->{'channelMark': '00_OPPO', 'mobi': '18520350227', 'password': '03761decb8c83294b570fbc917b88729', 'pre': '+86', 'OSType': 'A'}
2018-12-08 14:50:22,762 scm-run_main.py--> go_no_run 20: INFO ----->response_data-->{
  "code": 0,
  "data": {
    "accessToken": "2a6e625fb071427fb7c4140d47e474da",
    "accessTokenExpires": 1575355984096,
    "data": {
      "certificatenum": null,
      "clientType": "OUTER",
      "email": null,
      "headImageUrl": "http://payflie.oss-cn-shanghai.aliyuncs.com/debug/jcease/image/a_15306980639651509716044",
      "lastUpdated": 1531294368000,
      "loginChannel": "JCY",
      "member": null,
      "merchantName": null,
      "mobileNo": "18520350227",
      "name": null,
      "nickName": "没心没肺",
      "preMobile": "+86",
      "registerTime": 1526262840000,
      "status": 1,
      "type": null,
      "userNo": "2009547"
    },
    "refreshToken": "2a6e625fb071427fb7c4140d47e474da",
    "userNo": "2009547"
  },
  "errmsg": null
}
2018-12-08 14:50:22,922 scm-run_main.py--> go_no_run 20: INFO ----->第10个case-->创建收货地址: 测试失败
2018-12-08 14:50:22,923 scm-run_main.py--> go_no_run 20: INFO ----->url--> https://capimall.jcease.com/api/shop/v4/address/save
2018-12-08 14:50:22,923 scm-run_main.py--> go_no_run 20: INFO ----->request_data-->{'detail': '11', 'userName': '2', 'mobile': '155554465555', 'area': '滨江区', 'city': '杭州市', 'province': '浙江省', 'defaultAddress': False, 'accessToken': '1c126ec58edc4582ace970a179399ef2', 'appVersion': '3.14.1', 'appPlatform': 'android'}
2018-12-08 14:50:22,923 scm-run_main.py--> go_no_run 20: INFO ----->response_data-->{
  "code": 20101,
  "errmsg": "请登录"
}
2018-12-08 14:50:23,077 scm-run_main.py--> go_no_run 20: INFO ----->第11个case-->修改地址: 测试失败
2018-12-08 14:50:23,077 scm-run_main.py--> go_no_run 20: INFO ----->url--> https://capimall.jcease.com/api/shop/v4/address/update
2018-12-08 14:50:23,077 scm-run_main.py--> go_no_run 20: INFO ----->request_data-->{'id': 10243, 'userName': '得到', 'mobile': '155554465559', 'city': '深圳市', 'detail': '11', 'area': '罗湖区', 'province': '广东省', 'defaultAddress': False, 'accessToken': '1c126ec58edc4582ace970a179399ef2', 'appVersion': '3.14.1', 'appPlatform': 'android'}
2018-12-08 14:50:23,077 scm-run_main.py--> go_no_run 20: INFO ----->response_data-->{
  "code": 20101,
  "errmsg": "请登录"
}
2018-12-08 14:50:23,233 scm-run_main.py--> go_no_run 20: INFO ----->第12个case-->查看地址: 测试失败
2018-12-08 14:50:23,233 scm-run_main.py--> go_no_run 20: INFO ----->url--> https://capimall.jcease.com/api/shop/v3/address/list
2018-12-08 14:50:23,233 scm-run_main.py--> go_no_run 20: INFO ----->request_data-->{'accessToken': '1c126ec58edc4582ace970a179399ef2', 'appVersion': '3.14.1', 'appPlatform': 'android'}
2018-12-08 14:50:23,234 scm-run_main.py--> go_no_run 20: INFO ----->response_data-->{
  "code": 20101,
  "errmsg": "请登录"
}
2018-12-08 14:50:23,366 scm-run_main.py--> go_no_run 20: INFO ----->第13个case-->删除地址: 测试失败
2018-12-08 14:50:23,367 scm-run_main.py--> go_no_run 20: INFO ----->url--> https://capimall.jcease.com/api/shop/address/delete
2018-12-08 14:50:23,367 scm-run_main.py--> go_no_run 20: INFO ----->request_data-->{'id': 10243, 'accessToken': '1c126ec58edc4582ace970a179399ef2', 'appVersion': '3.14.1', 'appPlatform': 'android'}
2018-12-08 14:50:23,367 scm-run_main.py--> go_no_run 20: INFO ----->response_data-->{
  "code": 20101,
  "errmsg": "请登录"
}
