2018-12-03 00:07:23,723 run_main.py--> go_no_run 20: INFO ----->第1个case-->哈哈哈1: 测试通过
2018-12-03 00:07:23,724 run_main.py--> go_no_run 20: INFO ----->url--> http://mam.netease.com/api/v1/getconfig
2018-12-03 00:07:23,724 run_main.py--> go_no_run 20: INFO ----->request_data-->None
2018-12-03 00:07:23,724 run_main.py--> go_no_run 20: INFO ----->response_data-->{
  "code": 200,
  "data": {
    "errorStackSamplingRate": 0,
    "isconnect": true
  },
  "message": "请求成功",
  "timestamp": 1543767000304
}
2018-12-03 00:07:26,873 run_main.py--> go_no_run 20: INFO ----->第3个case-->哈哈哈3: 测试通过
2018-12-03 00:07:26,874 run_main.py--> go_no_run 20: INFO ----->url--> http://testscm.csjmro.com/yyjapi/api/store/getdata
2018-12-03 00:07:26,874 run_main.py--> go_no_run 20: INFO ----->request_data-->None
2018-12-03 00:07:26,874 run_main.py--> go_no_run 20: INFO ----->response_data-->{
  "code": "200",
  "data": [
    {
      "address": "唐山市路南区国际五金城东川山甲仓库",
      "belongto": null,
      "belongtype": null,
      "bussinesscorp": null,
      "dc": "4028813260fca5590160fdfad37f008f",
      "deviceno": null,
      "id": "4028813255d845610155dd6ef2a70097",
      "iswmsintegrate": null,
      "linkman": null,
      "manager": null,
      "memo": null,
      "nodeid": null,
      "objlevel": "4028813255425d28015543b5d3a40427",
      "objtype": "4028813255425d28015543b7e0be042b",
      "requestid": "4028813255d845610155dd6ef1fc0095",
      "rowindex": null,
      "storename": "川山甲唐山区域库-test",
      "storeno": "0002",
      "tel": "1864768 1520"
    },
    {
      "address": "嘉兴市秀洲区吉蚂西路183号（川山甲嘉兴一级库）",
      "belongto": "4028813258ffe1cf01590071ebc5003d",
      "belongtype": "402881315c2d8a1a015c2f88eb600932",
      "bussinesscorp": null,
      "dc": "40288132612083dc01612208881d0185",
      "deviceno": null,
      "id": "402881325741bf120157d17e09b82b8f",
      "iswmsintegrate": "1",
      "linkman": "11",
      "manager": null,
      "memo": null,
      "nodeid": null,
      "objlevel": "4028813255425d28015543b5d3a40426",
      "objtype": "4028813255425d28015543b7e0be042b",
      "requestid": "402881325741bf120157d17e096a2b8d",
      "rowindex": null,
      "storename": "嘉兴MRO仓",
      "storeno": "D0004",
      "tel": "15888804320"
    },
    {
      "address": "宝安体育馆",
      "belongto": null,
      "belongtype": "402881315c2d8a1a015c2f88eb600934",
      "bussinesscorp": null,
      "dc": null,
      "deviceno": null,
      "id": "4028813258ffe1cf0159007563920049",
      "iswmsintegrate": null,
      "linkman": "何先生",
      "manager": null,
      "memo": null,
      "nodeid": null,
      "objlevel": "4028813255425d28015543b5d3a40427",
      "objtype": "4028813255425d28015543b7e0be042b",
      "requestid": "4028813258ffe1cf0159007563240047",
      "rowindex": null,
      "storename": "深圳中心库-虚拟",
      "storeno": "sz0001",
      "tel": "18767159265"
    },
    {
      "address": "嘉兴市秀洲区吉蚂西路183号（川山甲嘉兴一级库）",
      "belongto": null,
      "belongtype": null,
      "bussinesscorp": null,
      "dc": "40288132612083dc01612208881d0185",
      "deviceno": null,
      "id": "402881325741bf120157d17da77c2b8c",
      "iswmsintegrate": null,
      "linkman": null,
      "manager": null,
      "memo": null,
      "nodeid": null,
      "objlevel": "4028813255425d28015543b5d3a40426",
      "objtype": "4028813255425d28015543b7e0be042b",
      "requestid": "402881325741bf120157d17da72e2b8a",
      "rowindex": null,
      "storename": "嘉兴周转仓",
      "storeno": "D0003",
      "tel": "15888804320"
    },
    {
      "address": "天茂钢厂共享仓库",
      "belongto": null,
      "belongtype": null,
      "bussinesscorp": null,
      "dc": "4028813260fca5590160fdfb1d2c0092",
      "deviceno": null,
      "id": "402881325741bf120157d17fc1912b92",
      "iswmsintegrate": null,
      "linkman": null,
      "manager": null,
      "memo": null,
      "nodeid": null,
      "objlevel": "4028813255425d28015543b5d3a40427",
      "objtype": "4028813255425d28015543b7e0be042b",
      "requestid": "402881325741bf120157d17fc1432b90",
      "rowindex": null,
      "storename": "唐山工厂库-test",
      "storeno": "D0010",
      "tel": "18647681520"
    }
  ],
  "message": "调用API成功"
}
2018-12-03 00:07:42,355 run_main.py--> go_no_run 20: INFO ----->第15个case-->呵呵呵15: 测试通过
2018-12-03 00:07:42,355 run_main.py--> go_no_run 20: INFO ----->url--> http://mam.netease.com/api/v1/getconfig
2018-12-03 00:07:42,356 run_main.py--> go_no_run 20: INFO ----->request_data-->None
2018-12-03 00:07:42,356 run_main.py--> go_no_run 20: INFO ----->response_data-->{
  "code": 200,
  "data": {
    "errorStackSamplingRate": 0,
    "isconnect": true
  },
  "message": "请求成功",
  "timestamp": 1543767018927
}
2018-12-03 08:32:16,256 run_main.py--> go_no_run 20: INFO ----->第1个case-->哈哈哈1: 测试通过
2018-12-03 08:32:16,257 run_main.py--> go_no_run 20: INFO ----->url--> http://mam.netease.com/api/v1/getconfig
2018-12-03 08:32:16,257 run_main.py--> go_no_run 20: INFO ----->request_data-->None
2018-12-03 08:32:16,257 run_main.py--> go_no_run 20: INFO ----->response_data-->{
  "code": 200,
  "data": {
    "errorStackSamplingRate": 0,
    "isconnect": true
  },
  "message": "请求成功",
  "timestamp": 1543797294064
}
2018-12-03 08:32:16,550 run_main.py--> go_no_run 20: INFO ----->第3个case-->哈哈哈3: 测试通过
2018-12-03 08:32:16,550 run_main.py--> go_no_run 20: INFO ----->url--> http://testscm.csjmro.com/yyjapi/api/store/getdata
2018-12-03 08:32:16,551 run_main.py--> go_no_run 20: INFO ----->request_data-->None
2018-12-03 08:32:16,551 run_main.py--> go_no_run 20: INFO ----->response_data-->{
  "code": "200",
  "data": [
    {
      "address": "唐山市路南区国际五金城东川山甲仓库",
      "belongto": null,
      "belongtype": null,
      "bussinesscorp": null,
      "dc": "4028813260fca5590160fdfad37f008f",
      "deviceno": null,
      "id": "4028813255d845610155dd6ef2a70097",
      "iswmsintegrate": null,
      "linkman": null,
      "manager": null,
      "memo": null,
      "nodeid": null,
      "objlevel": "4028813255425d28015543b5d3a40427",
      "objtype": "4028813255425d28015543b7e0be042b",
      "requestid": "4028813255d845610155dd6ef1fc0095",
      "rowindex": null,
      "storename": "川山甲唐山区域库-test",
      "storeno": "0002",
      "tel": "1864768 1520"
    },
    {
      "address": "嘉兴市秀洲区吉蚂西路183号（川山甲嘉兴一级库）",
      "belongto": "4028813258ffe1cf01590071ebc5003d",
      "belongtype": "402881315c2d8a1a015c2f88eb600932",
      "bussinesscorp": null,
      "dc": "40288132612083dc01612208881d0185",
      "deviceno": null,
      "id": "402881325741bf120157d17e09b82b8f",
      "iswmsintegrate": "1",
      "linkman": "11",
      "manager": null,
      "memo": null,
      "nodeid": null,
      "objlevel": "4028813255425d28015543b5d3a40426",
      "objtype": "4028813255425d28015543b7e0be042b",
      "requestid": "402881325741bf120157d17e096a2b8d",
      "rowindex": null,
      "storename": "嘉兴MRO仓",
      "storeno": "D0004",
      "tel": "15888804320"
    },
    {
      "address": "宝安体育馆",
      "belongto": null,
      "belongtype": "402881315c2d8a1a015c2f88eb600934",
      "bussinesscorp": null,
      "dc": null,
      "deviceno": null,
      "id": "4028813258ffe1cf0159007563920049",
      "iswmsintegrate": null,
      "linkman": "何先生",
      "manager": null,
      "memo": null,
      "nodeid": null,
      "objlevel": "4028813255425d28015543b5d3a40427",
      "objtype": "4028813255425d28015543b7e0be042b",
      "requestid": "4028813258ffe1cf0159007563240047",
      "rowindex": null,
      "storename": "深圳中心库-虚拟",
      "storeno": "sz0001",
      "tel": "18767159265"
    },
    {
      "address": "嘉兴市秀洲区吉蚂西路183号（川山甲嘉兴一级库）",
      "belongto": null,
      "belongtype": null,
      "bussinesscorp": null,
      "dc": "40288132612083dc01612208881d0185",
      "deviceno": null,
      "id": "402881325741bf120157d17da77c2b8c",
      "iswmsintegrate": null,
      "linkman": null,
      "manager": null,
      "memo": null,
      "nodeid": null,
      "objlevel": "4028813255425d28015543b5d3a40426",
      "objtype": "4028813255425d28015543b7e0be042b",
      "requestid": "402881325741bf120157d17da72e2b8a",
      "rowindex": null,
      "storename": "嘉兴周转仓",
      "storeno": "D0003",
      "tel": "15888804320"
    },
    {
      "address": "天茂钢厂共享仓库",
      "belongto": null,
      "belongtype": null,
      "bussinesscorp": null,
      "dc": "4028813260fca5590160fdfb1d2c0092",
      "deviceno": null,
      "id": "402881325741bf120157d17fc1912b92",
      "iswmsintegrate": null,
      "linkman": null,
      "manager": null,
      "memo": null,
      "nodeid": null,
      "objlevel": "4028813255425d28015543b5d3a40427",
      "objtype": "4028813255425d28015543b7e0be042b",
      "requestid": "402881325741bf120157d17fc1432b90",
      "rowindex": null,
      "storename": "唐山工厂库-test",
      "storeno": "D0010",
      "tel": "18647681520"
    }
  ],
  "message": "调用API成功"
}
2018-12-03 08:32:28,225 run_main.py--> go_no_run 20: INFO ----->第15个case-->呵呵呵15: 测试通过
2018-12-03 08:32:28,225 run_main.py--> go_no_run 20: INFO ----->url--> http://mam.netease.com/api/v1/getconfig
2018-12-03 08:32:28,225 run_main.py--> go_no_run 20: INFO ----->request_data-->None
2018-12-03 08:32:28,225 run_main.py--> go_no_run 20: INFO ----->response_data-->{
  "code": 200,
  "data": {
    "errorStackSamplingRate": 0,
    "isconnect": true
  },
  "message": "请求成功",
  "timestamp": 1543797306065
}
2018-12-03 21:47:17,620 run_main.py--> go_no_run 20: INFO ----->第1个case-->哈哈哈1: 测试通过
2018-12-03 21:47:17,621 run_main.py--> go_no_run 20: INFO ----->url--> http://mam.netease.com/api/v1/getconfig
2018-12-03 21:47:17,622 run_main.py--> go_no_run 20: INFO ----->request_data-->None
2018-12-03 21:47:17,622 run_main.py--> go_no_run 20: INFO ----->response_data-->{
  "code": 200,
  "data": {
    "errorStackSamplingRate": 0,
    "isconnect": true
  },
  "message": "请求成功",
  "timestamp": 1543844996178
}
2018-12-03 21:47:19,840 run_main.py--> go_no_run 20: INFO ----->第3个case-->哈哈哈3: 测试通过
2018-12-03 21:47:19,841 run_main.py--> go_no_run 20: INFO ----->url--> http://testscm.csjmro.com/yyjapi/api/store/getdata
2018-12-03 21:47:19,841 run_main.py--> go_no_run 20: INFO ----->request_data-->None
2018-12-03 21:47:19,841 run_main.py--> go_no_run 20: INFO ----->response_data-->{
  "code": "200",
  "data": [
    {
      "address": "唐山市路南区国际五金城东川山甲仓库",
      "belongto": null,
      "belongtype": null,
      "bussinesscorp": null,
      "dc": "4028813260fca5590160fdfad37f008f",
      "deviceno": null,
      "id": "4028813255d845610155dd6ef2a70097",
      "iswmsintegrate": null,
      "linkman": null,
      "manager": null,
      "memo": null,
      "nodeid": null,
      "objlevel": "4028813255425d28015543b5d3a40427",
      "objtype": "4028813255425d28015543b7e0be042b",
      "requestid": "4028813255d845610155dd6ef1fc0095",
      "rowindex": null,
      "storename": "川山甲唐山区域库-test",
      "storeno": "0002",
      "tel": "1864768 1520"
    },
    {
      "address": "嘉兴市秀洲区吉蚂西路183号（川山甲嘉兴一级库）",
      "belongto": "4028813258ffe1cf01590071ebc5003d",
      "belongtype": "402881315c2d8a1a015c2f88eb600932",
      "bussinesscorp": null,
      "dc": "40288132612083dc01612208881d0185",
      "deviceno": null,
      "id": "402881325741bf120157d17e09b82b8f",
      "iswmsintegrate": "1",
      "linkman": "11",
      "manager": null,
      "memo": null,
      "nodeid": null,
      "objlevel": "4028813255425d28015543b5d3a40426",
      "objtype": "4028813255425d28015543b7e0be042b",
      "requestid": "402881325741bf120157d17e096a2b8d",
      "rowindex": null,
      "storename": "嘉兴MRO仓",
      "storeno": "D0004",
      "tel": "15888804320"
    },
    {
      "address": "宝安体育馆",
      "belongto": null,
      "belongtype": "402881315c2d8a1a015c2f88eb600934",
      "bussinesscorp": null,
      "dc": null,
      "deviceno": null,
      "id": "4028813258ffe1cf0159007563920049",
      "iswmsintegrate": null,
      "linkman": "何先生",
      "manager": null,
      "memo": null,
      "nodeid": null,
      "objlevel": "4028813255425d28015543b5d3a40427",
      "objtype": "4028813255425d28015543b7e0be042b",
      "requestid": "4028813258ffe1cf0159007563240047",
      "rowindex": null,
      "storename": "深圳中心库-虚拟",
      "storeno": "sz0001",
      "tel": "18767159265"
    },
    {
      "address": "嘉兴市秀洲区吉蚂西路183号（川山甲嘉兴一级库）",
      "belongto": null,
      "belongtype": null,
      "bussinesscorp": null,
      "dc": "40288132612083dc01612208881d0185",
      "deviceno": null,
      "id": "402881325741bf120157d17da77c2b8c",
      "iswmsintegrate": null,
      "linkman": null,
      "manager": null,
      "memo": null,
      "nodeid": null,
      "objlevel": "4028813255425d28015543b5d3a40426",
      "objtype": "4028813255425d28015543b7e0be042b",
      "requestid": "402881325741bf120157d17da72e2b8a",
      "rowindex": null,
      "storename": "嘉兴周转仓",
      "storeno": "D0003",
      "tel": "15888804320"
    },
    {
      "address": "天茂钢厂共享仓库",
      "belongto": null,
      "belongtype": null,
      "bussinesscorp": null,
      "dc": "4028813260fca5590160fdfb1d2c0092",
      "deviceno": null,
      "id": "402881325741bf120157d17fc1912b92",
      "iswmsintegrate": null,
      "linkman": null,
      "manager": null,
      "memo": null,
      "nodeid": null,
      "objlevel": "4028813255425d28015543b5d3a40427",
      "objtype": "4028813255425d28015543b7e0be042b",
      "requestid": "402881325741bf120157d17fc1432b90",
      "rowindex": null,
      "storename": "唐山工厂库-test",
      "storeno": "D0010",
      "tel": "18647681520"
    }
  ],
  "message": "调用API成功"
}
2018-12-03 21:47:32,917 run_main.py--> go_no_run 20: INFO ----->第15个case-->呵呵呵15: 测试通过
2018-12-03 21:47:32,917 run_main.py--> go_no_run 20: INFO ----->url--> http://mam.netease.com/api/v1/getconfig
2018-12-03 21:47:32,918 run_main.py--> go_no_run 20: INFO ----->request_data-->None
2018-12-03 21:47:32,918 run_main.py--> go_no_run 20: INFO ----->response_data-->{
  "code": 200,
  "data": {
    "errorStackSamplingRate": 0,
    "isconnect": true
  },
  "message": "请求成功",
  "timestamp": 1543845011479
}
2018-12-03 21:54:22,413 run_main.py--> go_no_run 20: INFO ----->第1个case-->哈哈哈1: 测试通过
2018-12-03 21:54:22,414 run_main.py--> go_no_run 20: INFO ----->url--> http://mam.netease.com/api/v1/getconfig
2018-12-03 21:54:22,414 run_main.py--> go_no_run 20: INFO ----->request_data-->None
2018-12-03 21:54:22,414 run_main.py--> go_no_run 20: INFO ----->response_data-->{
  "code": 200,
  "data": {
    "errorStackSamplingRate": 0,
    "isconnect": true
  },
  "message": "请求成功",
  "timestamp": 1543845420896
}
2018-12-03 21:54:23,224 run_main.py--> go_no_run 20: INFO ----->第3个case-->哈哈哈3: 测试通过
2018-12-03 21:54:23,224 run_main.py--> go_no_run 20: INFO ----->url--> http://testscm.csjmro.com/yyjapi/api/store/getdata
2018-12-03 21:54:23,225 run_main.py--> go_no_run 20: INFO ----->request_data-->None
2018-12-03 21:54:23,225 run_main.py--> go_no_run 20: INFO ----->response_data-->{
  "code": "200",
  "data": [
    {
      "address": "唐山市路南区国际五金城东川山甲仓库",
      "belongto": null,
      "belongtype": null,
      "bussinesscorp": null,
      "dc": "4028813260fca5590160fdfad37f008f",
      "deviceno": null,
      "id": "4028813255d845610155dd6ef2a70097",
      "iswmsintegrate": null,
      "linkman": null,
      "manager": null,
      "memo": null,
      "nodeid": null,
      "objlevel": "4028813255425d28015543b5d3a40427",
      "objtype": "4028813255425d28015543b7e0be042b",
      "requestid": "4028813255d845610155dd6ef1fc0095",
      "rowindex": null,
      "storename": "川山甲唐山区域库-test",
      "storeno": "0002",
      "tel": "1864768 1520"
    },
    {
      "address": "嘉兴市秀洲区吉蚂西路183号（川山甲嘉兴一级库）",
      "belongto": "4028813258ffe1cf01590071ebc5003d",
      "belongtype": "402881315c2d8a1a015c2f88eb600932",
      "bussinesscorp": null,
      "dc": "40288132612083dc01612208881d0185",
      "deviceno": null,
      "id": "402881325741bf120157d17e09b82b8f",
      "iswmsintegrate": "1",
      "linkman": "11",
      "manager": null,
      "memo": null,
      "nodeid": null,
      "objlevel": "4028813255425d28015543b5d3a40426",
      "objtype": "4028813255425d28015543b7e0be042b",
      "requestid": "402881325741bf120157d17e096a2b8d",
      "rowindex": null,
      "storename": "嘉兴MRO仓",
      "storeno": "D0004",
      "tel": "15888804320"
    },
    {
      "address": "宝安体育馆",
      "belongto": null,
      "belongtype": "402881315c2d8a1a015c2f88eb600934",
      "bussinesscorp": null,
      "dc": null,
      "deviceno": null,
      "id": "4028813258ffe1cf0159007563920049",
      "iswmsintegrate": null,
      "linkman": "何先生",
      "manager": null,
      "memo": null,
      "nodeid": null,
      "objlevel": "4028813255425d28015543b5d3a40427",
      "objtype": "4028813255425d28015543b7e0be042b",
      "requestid": "4028813258ffe1cf0159007563240047",
      "rowindex": null,
      "storename": "深圳中心库-虚拟",
      "storeno": "sz0001",
      "tel": "18767159265"
    },
    {
      "address": "嘉兴市秀洲区吉蚂西路183号（川山甲嘉兴一级库）",
      "belongto": null,
      "belongtype": null,
      "bussinesscorp": null,
      "dc": "40288132612083dc01612208881d0185",
      "deviceno": null,
      "id": "402881325741bf120157d17da77c2b8c",
      "iswmsintegrate": null,
      "linkman": null,
      "manager": null,
      "memo": null,
      "nodeid": null,
      "objlevel": "4028813255425d28015543b5d3a40426",
      "objtype": "4028813255425d28015543b7e0be042b",
      "requestid": "402881325741bf120157d17da72e2b8a",
      "rowindex": null,
      "storename": "嘉兴周转仓",
      "storeno": "D0003",
      "tel": "15888804320"
    },
    {
      "address": "天茂钢厂共享仓库",
      "belongto": null,
      "belongtype": null,
      "bussinesscorp": null,
      "dc": "4028813260fca5590160fdfb1d2c0092",
      "deviceno": null,
      "id": "402881325741bf120157d17fc1912b92",
      "iswmsintegrate": null,
      "linkman": null,
      "manager": null,
      "memo": null,
      "nodeid": null,
      "objlevel": "4028813255425d28015543b5d3a40427",
      "objtype": "4028813255425d28015543b7e0be042b",
      "requestid": "402881325741bf120157d17fc1432b90",
      "rowindex": null,
      "storename": "唐山工厂库-test",
      "storeno": "D0010",
      "tel": "18647681520"
    }
  ],
  "message": "调用API成功"
}
2018-12-03 21:54:35,682 run_main.py--> go_no_run 20: INFO ----->第15个case-->呵呵呵15: 测试通过
2018-12-03 21:54:35,683 run_main.py--> go_no_run 20: INFO ----->url--> http://mam.netease.com/api/v1/getconfig
2018-12-03 21:54:35,683 run_main.py--> go_no_run 20: INFO ----->request_data-->None
2018-12-03 21:54:35,683 run_main.py--> go_no_run 20: INFO ----->response_data-->{
  "code": 200,
  "data": {
    "errorStackSamplingRate": 0,
    "isconnect": true
  },
  "message": "请求成功",
  "timestamp": 1543845434243
}
2018-12-03 21:56:32,127 run_main.py--> go_no_run 20: INFO ----->第1个case-->哈哈哈1: 测试通过
2018-12-03 21:56:32,127 run_main.py--> go_no_run 20: INFO ----->url--> http://mam.netease.com/api/v1/getconfig
2018-12-03 21:56:32,127 run_main.py--> go_no_run 20: INFO ----->request_data-->None
2018-12-03 21:56:32,127 run_main.py--> go_no_run 20: INFO ----->response_data-->{
  "code": 200,
  "data": {
    "errorStackSamplingRate": 0,
    "isconnect": true
  },
  "message": "请求成功",
  "timestamp": 1543845550700
}
2018-12-03 21:56:32,528 run_main.py--> go_no_run 20: INFO ----->第3个case-->哈哈哈3: 测试通过
2018-12-03 21:56:32,528 run_main.py--> go_no_run 20: INFO ----->url--> http://testscm.csjmro.com/yyjapi/api/store/getdata
2018-12-03 21:56:32,528 run_main.py--> go_no_run 20: INFO ----->request_data-->None
2018-12-03 21:56:32,529 run_main.py--> go_no_run 20: INFO ----->response_data-->{
  "code": "200",
  "data": [
    {
      "address": "唐山市路南区国际五金城东川山甲仓库",
      "belongto": null,
      "belongtype": null,
      "bussinesscorp": null,
      "dc": "4028813260fca5590160fdfad37f008f",
      "deviceno": null,
      "id": "4028813255d845610155dd6ef2a70097",
      "iswmsintegrate": null,
      "linkman": null,
      "manager": null,
      "memo": null,
      "nodeid": null,
      "objlevel": "4028813255425d28015543b5d3a40427",
      "objtype": "4028813255425d28015543b7e0be042b",
      "requestid": "4028813255d845610155dd6ef1fc0095",
      "rowindex": null,
      "storename": "川山甲唐山区域库-test",
      "storeno": "0002",
      "tel": "1864768 1520"
    },
    {
      "address": "嘉兴市秀洲区吉蚂西路183号（川山甲嘉兴一级库）",
      "belongto": "4028813258ffe1cf01590071ebc5003d",
      "belongtype": "402881315c2d8a1a015c2f88eb600932",
      "bussinesscorp": null,
      "dc": "40288132612083dc01612208881d0185",
      "deviceno": null,
      "id": "402881325741bf120157d17e09b82b8f",
      "iswmsintegrate": "1",
      "linkman": "11",
      "manager": null,
      "memo": null,
      "nodeid": null,
      "objlevel": "4028813255425d28015543b5d3a40426",
      "objtype": "4028813255425d28015543b7e0be042b",
      "requestid": "402881325741bf120157d17e096a2b8d",
      "rowindex": null,
      "storename": "嘉兴MRO仓",
      "storeno": "D0004",
      "tel": "15888804320"
    },
    {
      "address": "宝安体育馆",
      "belongto": null,
      "belongtype": "402881315c2d8a1a015c2f88eb600934",
      "bussinesscorp": null,
      "dc": null,
      "deviceno": null,
      "id": "4028813258ffe1cf0159007563920049",
      "iswmsintegrate": null,
      "linkman": "何先生",
      "manager": null,
      "memo": null,
      "nodeid": null,
      "objlevel": "4028813255425d28015543b5d3a40427",
      "objtype": "4028813255425d28015543b7e0be042b",
      "requestid": "4028813258ffe1cf0159007563240047",
      "rowindex": null,
      "storename": "深圳中心库-虚拟",
      "storeno": "sz0001",
      "tel": "18767159265"
    },
    {
      "address": "嘉兴市秀洲区吉蚂西路183号（川山甲嘉兴一级库）",
      "belongto": null,
      "belongtype": null,
      "bussinesscorp": null,
      "dc": "40288132612083dc01612208881d0185",
      "deviceno": null,
      "id": "402881325741bf120157d17da77c2b8c",
      "iswmsintegrate": null,
      "linkman": null,
      "manager": null,
      "memo": null,
      "nodeid": null,
      "objlevel": "4028813255425d28015543b5d3a40426",
      "objtype": "4028813255425d28015543b7e0be042b",
      "requestid": "402881325741bf120157d17da72e2b8a",
      "rowindex": null,
      "storename": "嘉兴周转仓",
      "storeno": "D0003",
      "tel": "15888804320"
    },
    {
      "address": "天茂钢厂共享仓库",
      "belongto": null,
      "belongtype": null,
      "bussinesscorp": null,
      "dc": "4028813260fca5590160fdfb1d2c0092",
      "deviceno": null,
      "id": "402881325741bf120157d17fc1912b92",
      "iswmsintegrate": null,
      "linkman": null,
      "manager": null,
      "memo": null,
      "nodeid": null,
      "objlevel": "4028813255425d28015543b5d3a40427",
      "objtype": "4028813255425d28015543b7e0be042b",
      "requestid": "402881325741bf120157d17fc1432b90",
      "rowindex": null,
      "storename": "唐山工厂库-test",
      "storeno": "D0010",
      "tel": "18647681520"
    }
  ],
  "message": "调用API成功"
}
2018-12-03 21:56:42,873 run_main.py--> go_no_run 20: INFO ----->第15个case-->呵呵呵15: 测试通过
2018-12-03 21:56:42,874 run_main.py--> go_no_run 20: INFO ----->url--> http://mam.netease.com/api/v1/getconfig
2018-12-03 21:56:42,874 run_main.py--> go_no_run 20: INFO ----->request_data-->None
2018-12-03 21:56:42,874 run_main.py--> go_no_run 20: INFO ----->response_data-->{
  "code": 200,
  "data": {
    "errorStackSamplingRate": 0,
    "isconnect": true
  },
  "message": "请求成功",
  "timestamp": 1543845561438
}
